<?xml version="1.0" encoding="UTF-8"?>
<testng-results ignored="0" total="1" passed="1" failed="0" skipped="0">
  <reporter-output>
  </reporter-output>
  <suite started-at="2021-04-23T21:05:28 IST" name="Default suite" finished-at="2021-04-23T21:05:32 IST" duration-ms="4417">
    <groups>
    </groups>
    <test started-at="2021-04-23T21:05:28 IST" name="Default test" finished-at="2021-04-23T21:05:32 IST" duration-ms="4417">
      <class name="com.org.project.GETTraining.getTutorials">
        <test-method is-config="true" signature="postData()[pri:0, instance:com.org.project.GETTraining.getTutorials@10e41621]" started-at="2021-04-23T21:05:28 IST" name="postData" finished-at="2021-04-23T21:05:28 IST" duration-ms="7" status="PASS">
          <reporter-output>
          </reporter-output>
        </test-method> <!-- postData -->
        <test-method signature="test()[pri:0, instance:com.org.project.GETTraining.getTutorials@10e41621]" started-at="2021-04-23T21:05:28 IST" name="test" finished-at="2021-04-23T21:05:32 IST" duration-ms="4380" status="PASS">
          <reporter-output>
          </reporter-output>
        </test-method> <!-- test -->
      </class> <!-- com.org.project.GETTraining.getTutorials -->
    </test> <!-- Default test -->
  </suite> <!-- Default suite -->
</testng-results>
